ď»ż
> frontend@0.1.0 build
> node scripts/generate-wasm-hash.js && next build && node scripts/patch_soffice_memory.cjs && node scripts/patch_wasm_memory.cjs

Generating WASM hashes...
Calculated Hash: v=b87381bb_5143e535
Updated zetaHelper.js with new CACHE_BUSTER: v=b87381bb_5143e535
Î“Ă»â–“ Next.js 16.1.3 (Turbopack)
- Environments: .env.local

  Creating an optimized production build ...
Î“ÂŁĂ´ Compiled successfully in 11.2s
  Running TypeScript ...
  Collecting page data using 7 workers ...
  Generating static pages using 7 workers (0/362) ...
  Generating static pages using 7 workers (90/362) 
  Generating static pages using 7 workers (180/362) 
  Generating static pages using 7 workers (271/362) 
Î“ÂŁĂ´ Generating static pages using 7 workers (362/362) in 5.9s
  Finalizing page optimization ...

Route (app)
Î“Ă¶Ă® Î“ĂąĂŻ /
Î“Ă¶ÂŁ Î“ĂąĂŻ /_not-found
Î“Ă¶ÂŁ Î“ĂąĂ… /[lang]
Î“Ă¶Ă© Î“Ă¶ÂŁ /en
Î“Ă¶Ă© Î“Ă¶ÂŁ /es
Î“Ă¶Ă© Î“Ă¶ÂŁ /de
Î“Ă¶Ă© Î“Ă¶Ă¶ [+2 more paths]
Î“Ă¶ÂŁ Î“ĂąĂ… /[lang]/about
Î“Ă¶Ă© Î“Ă¶ÂŁ /en/about
Î“Ă¶Ă© Î“Ă¶ÂŁ /es/about
Î“Ă¶Ă© Î“Ă¶ÂŁ /de/about
Î“Ă¶Ă© Î“Ă¶Ă¶ [+2 more paths]
Î“Ă¶ÂŁ Î“ĂąĂ… /[lang]/blog
Î“Ă¶Ă© Î“Ă¶ÂŁ /en/blog
Î“Ă¶Ă© Î“Ă¶ÂŁ /es/blog
Î“Ă¶Ă© Î“Ă¶ÂŁ /de/blog
Î“Ă¶Ă© Î“Ă¶Ă¶ [+2 more paths]
Î“Ă¶ÂŁ Î“ĂąĂ… /[lang]/blog/[slug]
Î“Ă¶Ă© Î“Ă¶ÂŁ /en/blog/compress-pdf-for-email
Î“Ă¶Ă© Î“Ă¶ÂŁ /es/blog/compress-pdf-for-email
Î“Ă¶Ă© Î“Ă¶ÂŁ /de/blog/compress-pdf-for-email
Î“Ă¶Ă© Î“Ă¶Ă¶ [+2 more paths]
Î“Ă¶ÂŁ Î“ĂąĂ… /[lang]/contact
Î“Ă¶Ă© Î“Ă¶ÂŁ /en/contact
Î“Ă¶Ă© Î“Ă¶ÂŁ /es/contact
Î“Ă¶Ă© Î“Ă¶ÂŁ /de/contact
Î“Ă¶Ă© Î“Ă¶Ă¶ [+2 more paths]
Î“Ă¶ÂŁ Î“ĂąĂ… /[lang]/donate
Î“Ă¶Ă© Î“Ă¶ÂŁ /en/donate
Î“Ă¶Ă© Î“Ă¶ÂŁ /es/donate
Î“Ă¶Ă© Î“Ă¶ÂŁ /de/donate
Î“Ă¶Ă© Î“Ă¶Ă¶ [+2 more paths]
Î“Ă¶ÂŁ Î“ĂąĂ… /[lang]/help
Î“Ă¶Ă© Î“Ă¶ÂŁ /en/help
Î“Ă¶Ă© Î“Ă¶ÂŁ /es/help
Î“Ă¶Ă© Î“Ă¶ÂŁ /de/help
Î“Ă¶Ă© Î“Ă¶Ă¶ [+2 more paths]
Î“Ă¶ÂŁ Î“ĂąĂ… /[lang]/login
Î“Ă¶Ă© Î“Ă¶ÂŁ /en/login
Î“Ă¶Ă© Î“Ă¶ÂŁ /es/login
Î“Ă¶Ă© Î“Ă¶ÂŁ /de/login
Î“Ă¶Ă© Î“Ă¶Ă¶ [+2 more paths]
Î“Ă¶ÂŁ Î“ĂąĂ… /[lang]/privacy
Î“Ă¶Ă© Î“Ă¶ÂŁ /en/privacy
Î“Ă¶Ă© Î“Ă¶ÂŁ /es/privacy
Î“Ă¶Ă© Î“Ă¶ÂŁ /de/privacy
Î“Ă¶Ă© Î“Ă¶Ă¶ [+2 more paths]
Î“Ă¶ÂŁ Î“ĂąĂ… /[lang]/profile
Î“Ă¶Ă© Î“Ă¶ÂŁ /en/profile
Î“Ă¶Ă© Î“Ă¶ÂŁ /es/profile
Î“Ă¶Ă© Î“Ă¶ÂŁ /de/profile
Î“Ă¶Ă© Î“Ă¶Ă¶ [+2 more paths]
Î“Ă¶ÂŁ Î“ĂąĂ… /[lang]/signup
Î“Ă¶Ă© Î“Ă¶ÂŁ /en/signup
Î“Ă¶Ă© Î“Ă¶ÂŁ /es/signup
Î“Ă¶Ă© Î“Ă¶ÂŁ /de/signup
Î“Ă¶Ă© Î“Ă¶Ă¶ [+2 more paths]
Î“Ă¶ÂŁ Î“ĂąĂ… /[lang]/terms
Î“Ă¶Ă© Î“Ă¶ÂŁ /en/terms
Î“Ă¶Ă© Î“Ă¶ÂŁ /es/terms
Î“Ă¶Ă© Î“Ă¶ÂŁ /de/terms
Î“Ă¶Ă© Î“Ă¶Ă¶ [+2 more paths]
Î“Ă¶ÂŁ Î“ĂąĂ… /[lang]/tools/[id]
Î“Ă¶Ă© Î“Ă¶ÂŁ /en/tools/image-to-pdf
Î“Ă¶Ă© Î“Ă¶ÂŁ /en/tools/jpg-to-pdf
Î“Ă¶Ă© Î“Ă¶ÂŁ /en/tools/merge-pdf
Î“Ă¶Ă© Î“Ă¶Ă¶ [+292 more paths]
Î“Ă¶ÂŁ Î“ĂąĂŻ /coming-soon
Î“Ă¶ÂŁ Î“ĂąĂŻ /robots.txt
Î“Ă¶Ă¶ Î“ĂąĂŻ /sitemap.xml


Î“ĂąĂŻ  (Static)  prerendered as static content
Î“ĂąĂ…  (SSG)     prerendered as static HTML (uses generateStaticParams)

[patch-soffice] Replaced abortOnCannotGrowMemory with growMemory
[patch-soffice] Explicitly set WebAssembly.Memory maximum to 2GB
[patch-soffice] Done. Size: 858124 Î“ĂĄĂ† 857931 bytes (-193)
[patch-wasm] Reading C:\Users\dear_\OneDrive\Desktop\filevora\frontend\out\wasm\libreoffice\soffice.wasm
[patch-wasm] Found memory import at offset 15369
[patch-wasm] Initial memory already at 512MB
[patch-wasm] Maximum memory already at 2GB
[patch-wasm] Patched C:\Users\dear_\OneDrive\Desktop\filevora\frontend\out\wasm\libreoffice\soffice.wasm (154.2 MB)
[patch-wasm] Reading C:\Users\dear_\OneDrive\Desktop\filevora\frontend\public\wasm\libreoffice\soffice.wasm
[patch-wasm] Found memory import at offset 15369
[patch-wasm] Initial memory already at 512MB
[patch-wasm] Maximum memory already at 2GB
[patch-wasm] Patched C:\Users\dear_\OneDrive\Desktop\filevora\frontend\public\wasm\libreoffice\soffice.wasm (154.2 MB)
[patch-wasm] Done Î“Ă‡Ă¶ patched 2 file(s)
