[debug] [2026-03-03T10:32:03.215Z] ----------------------------------------------------------------------
[debug] [2026-03-03T10:32:03.219Z] Command:       C:\Program Files\nodejs\node.exe C:\Users\dear_\AppData\Roaming\npm\node_modules\firebase-tools\lib\bin\firebase.js deploy
[debug] [2026-03-03T10:32:03.219Z] CLI Version:   15.3.1
[debug] [2026-03-03T10:32:03.219Z] Platform:      win32
[debug] [2026-03-03T10:32:03.220Z] Node Version:  v24.13.0
[debug] [2026-03-03T10:32:03.220Z] Time:          Tue Mar 03 2026 16:02:03 GMT+0530 (India Standard Time)
[debug] [2026-03-03T10:32:03.220Z] ----------------------------------------------------------------------
[debug] 
[error] 
[error] Error: Not in a Firebase app directory (could not locate firebase.json)
[debug] [2026-03-03T10:32:08.348Z] Error: EBUSY: resource busy or locked, unlink 'C:\Users\dear_\OneDrive\Desktop\filevora\firebase-debug.log'
    at Object.unlinkSync (node:fs:1945:11)
    at process.<anonymous> (C:\Users\dear_\AppData\Roaming\npm\node_modules\firebase-tools\lib\bin\cli.js:44:16)
    at process.emit (node:events:520:35)
    at process.exit (node:internal/process/per_thread:236:15)
    at Timeout._onTimeout (C:\Users\dear_\AppData\Roaming\npm\node_modules\firebase-tools\lib\errorOut.js:20:17)
    at listOnTimeout (node:internal/timers:605:17)
    at process.processTimers (node:internal/timers:541:7)
[error] 
[error] Error: An unexpected error has occurred.
